<?xml version="1.0" encoding="UTF-8"?>
<!-- Generated by org.testng.reporters.JUnitXMLReporter -->
<testsuite ignored="2" hostname="Rugmas-MacBook-Pro.local" failures="0" tests="1" name="Default test" time="4.642" errors="0" timestamp="2025-10-25T13:31:32 IST">
  <testcase classname="com.CRM.TestCase.HomePageTestCase" name="verifyTitle" time="2.02"/>
  <testcase classname="com.CRM.TestCase.HomePageTestCase" name="verifyUrl" time="0.0">
    <ignored/>
  </testcase> <!-- verifyUrl -->
  <testcase classname="com.CRM.TestCase.HomePageTestCase" name="validateSignInLink" time="0.0">
    <ignored/>
  </testcase> <!-- validateSignInLink -->
</testsuite> <!-- Default test -->
