<?xml version="1.0" encoding="UTF-8"?>
<!-- Generated by org.testng.reporters.JUnitXMLReporter -->
<testsuite ignored="0" hostname="Rugmas-MacBook-Pro.local" failures="0" tests="3" name="HomePageTest" time="5.835" errors="0" timestamp="2025-10-25T13:32:18 IST">
  <testcase classname="com.CRM.TestCase.HomePageTestCase" name="verifyUrl" time="0.011"/>
  <testcase classname="com.CRM.TestCase.HomePageTestCase" name="verifyTitle" time="2.014"/>
  <testcase classname="com.CRM.TestCase.HomePageTestCase" name="validateSignInLink" time="1.691"/>
</testsuite> <!-- HomePageTest -->
