<?xml version="1.0" encoding="UTF-8"?>
<testng-results ignored="0" total="4" passed="4" failed="0" skipped="0">
  <reporter-output>
  </reporter-output>
  <suite started-at="2025-10-25T13:32:08 IST" name="Suite" finished-at="2025-10-25T13:32:18 IST" duration-ms="10203">
    <groups>
    </groups>
    <test started-at="2025-10-25T13:32:08 IST" name="LoginTest" finished-at="2025-10-25T13:32:12 IST" duration-ms="4347">
      <class name="com.CRM.TestCase.LoginPageTestCase">
        <test-method is-config="true" signature="setUp()[pri:0, instance:com.CRM.TestCase.LoginPageTestCase@5e0e82ae]" started-at="2025-10-25T13:32:08 IST" name="setUp" finished-at="2025-10-25T13:32:10 IST" duration-ms="2317" status="PASS">
          <reporter-output>
          </reporter-output>
        </test-method> <!-- setUp -->
        <test-method is-config="true" signature="pageSetup()[pri:0, instance:com.CRM.TestCase.LoginPageTestCase@5e0e82ae]" started-at="2025-10-25T13:32:10 IST" name="pageSetup" finished-at="2025-10-25T13:32:11 IST" duration-ms="1198" status="PASS">
          <reporter-output>
          </reporter-output>
        </test-method> <!-- pageSetup -->
        <test-method signature="validateLogin()[pri:0, instance:com.CRM.TestCase.LoginPageTestCase@5e0e82ae]" started-at="2025-10-25T13:32:11 IST" name="validateLogin" finished-at="2025-10-25T13:32:12 IST" duration-ms="816" status="PASS">
          <reporter-output>
          </reporter-output>
        </test-method> <!-- validateLogin -->
      </class> <!-- com.CRM.TestCase.LoginPageTestCase -->
    </test> <!-- LoginTest -->
    <test started-at="2025-10-25T13:32:12 IST" name="HomePageTest" finished-at="2025-10-25T13:32:18 IST" duration-ms="5835">
      <class name="com.CRM.TestCase.HomePageTestCase">
        <test-method is-config="true" signature="setUp()[pri:0, instance:com.CRM.TestCase.HomePageTestCase@7eac9008]" started-at="2025-10-25T13:32:12 IST" name="setUp" finished-at="2025-10-25T13:32:14 IST" duration-ms="2112" status="PASS">
          <reporter-output>
          </reporter-output>
        </test-method> <!-- setUp -->
        <test-method signature="verifyUrl()[pri:1, instance:com.CRM.TestCase.HomePageTestCase@7eac9008]" started-at="2025-10-25T13:32:14 IST" name="verifyUrl" finished-at="2025-10-25T13:32:14 IST" duration-ms="11" status="PASS">
          <reporter-output>
          </reporter-output>
        </test-method> <!-- verifyUrl -->
        <test-method signature="verifyTitle()[pri:2, instance:com.CRM.TestCase.HomePageTestCase@7eac9008]" started-at="2025-10-25T13:32:14 IST" name="verifyTitle" finished-at="2025-10-25T13:32:16 IST" duration-ms="2014" status="PASS">
          <reporter-output>
          </reporter-output>
        </test-method> <!-- verifyTitle -->
        <test-method signature="validateSignInLink()[pri:3, instance:com.CRM.TestCase.HomePageTestCase@7eac9008]" started-at="2025-10-25T13:32:16 IST" name="validateSignInLink" finished-at="2025-10-25T13:32:18 IST" duration-ms="1691" status="PASS">
          <reporter-output>
          </reporter-output>
        </test-method> <!-- validateSignInLink -->
      </class> <!-- com.CRM.TestCase.HomePageTestCase -->
    </test> <!-- HomePageTest -->
  </suite> <!-- Suite -->
</testng-results>
